<?xml version="1.0" encoding="UTF-8"?>
<!-- Generated by org.testng.reporters.JUnitReportReporter -->
<testsuite hostname="LAPTOP-5I4N8MLS" failures="0" tests="1" name="testCases.TC_001_AccountRegistrationTest" time="3.244" errors="0" timestamp="2025-07-07T19:35:27 IST" skipped="0">
  <testcase classname="testCases.TC_001_AccountRegistrationTest" name="verify_account_registration" time="3.244"/>
</testsuite> <!-- testCases.TC_001_AccountRegistrationTest -->
