<?xml version="1.0" encoding="UTF-8"?>
<!-- Generated by org.testng.reporters.JUnitReportReporter -->
<testsuite hostname="LAPTOP-5I4N8MLS" failures="0" tests="1" name="testCases.TC_001_AccountRegistrationTest" time="2.524" errors="0" timestamp="2025-07-21T20:08:02 IST" skipped="0">
  <testcase classname="testCases.TC_001_AccountRegistrationTest" name="verify_account_registration" time="2.524"/>
</testsuite> <!-- testCases.TC_001_AccountRegistrationTest -->
