<?xml version="1.0" encoding="UTF-8"?>
<!-- Generated by org.testng.reporters.JUnitReportReporter -->
<testsuite hostname="LAPTOP-5I4N8MLS" failures="0" tests="1" name="testCases.TC002_LoginTest" time="2.221" errors="0" timestamp="2025-07-07T19:35:27 IST" skipped="0">
  <testcase classname="testCases.TC002_LoginTest" name="verify_login" time="2.221"/>
</testsuite> <!-- testCases.TC002_LoginTest -->
